Summary of SPARK analysis
=========================

-------------------------------------------------------------------------------------------
SPARK Analysis results        Total      Flow   CodePeer     Provers   Justified   Unproved
-------------------------------------------------------------------------------------------
Data Dependencies                 .         .          .           .           .          .
Flow Dependencies                 .         .          .           .           .          .
Initialization                    1         1          .           .           .          .
Non-Aliasing                      .         .          .           .           .          .
Run-time Checks                   7         .          .    7 (CVC4)           .          .
Assertions                        4         .          .    4 (CVC4)           .          .
Functional Contracts              1         .          .           .           .          1
LSP Verification                  .         .          .           .           .          .
Termination                       .         .          .           .           .          .
Concurrency                       .         .          .           .           .          .
-------------------------------------------------------------------------------------------
Total                            13    1 (8%)          .    11 (85%)           .     1 (8%)


max steps used for successful proof: 1

Analyzed 1 unit
in unit smallest_factor, 1 subprograms and packages out of 1 analyzed
  smallest_factor at smallest_factor.adb:1 flow analyzed (0 errors, 0 checks and 0 warnings) and not proved, 11 checks out of 12 proved
