Summary of SPARK analysis
=========================

-----------------------------------------------------------------------------------------
SPARK Analysis results        Total      Flow   CodePeer   Provers   Justified   Unproved
-----------------------------------------------------------------------------------------
Data Dependencies                 .         .          .         .           .          .
Flow Dependencies                 .         .          .         .           .          .
Initialization                    .         .          .         .           .          .
Non-Aliasing                      .         .          .         .           .          .
Run-time Checks                   .         .          .         .           .          .
Assertions                        .         .          .         .           .          .
Functional Contracts              .         .          .         .           .          .
LSP Verification                  .         .          .         .           .          .
Termination                       .         .          .         .           .          .
Concurrency                       .         .          .         .           .          .
-----------------------------------------------------------------------------------------
Total                             .         .          .         .           .          .


max steps used for successful proof: 0

Analyzed 2 units
in unit main, 0 subprograms and packages out of 1 analyzed
  Main at main.adb:4 skipped
in unit max2, 2 subprograms and packages out of 2 analyzed
  Max2 at max2.ads:1 flow analyzed (0 errors, 0 checks and 0 warnings)
  Max2.FindMax2 at max2.ads:4 flow analyzed (0 errors, 0 checks and 0 warnings)
