Summary of SPARK analysis
=========================

-------------------------------------------------------------------------------------------------------------
SPARK Analysis results        Total      Flow   CodePeer                       Provers   Justified   Unproved
-------------------------------------------------------------------------------------------------------------
Data Dependencies                 .         .          .                             .           .          .
Flow Dependencies                 .         .          .                             .           .          .
Initialization                    .         .          .                             .           .          .
Non-Aliasing                      .         .          .                             .           .          .
Run-time Checks                  11         .          .                     11 (CVC4)           .          .
Assertions                       12         .          .    11 (CVC4 61%, Trivial 39%)           .          1
Functional Contracts              1         .          .                             .           .          1
LSP Verification                  .         .          .                             .           .          .
Termination                       .         .          .                             .           .          .
Concurrency                       .         .          .                             .           .          .
-------------------------------------------------------------------------------------------------------------
Total                            24         .          .                      22 (92%)           .     2 (8%)


max steps used for successful proof: 1

Analyzed 2 units
in unit main, 0 subprograms and packages out of 1 analyzed
  Main at main.adb:4 skipped
in unit max2, 2 subprograms and packages out of 2 analyzed
  Max2 at max2.ads:1 flow analyzed (0 errors, 0 checks and 0 warnings) and proved (0 checks)
  Max2.FindMax2 at max2.ads:4 flow analyzed (0 errors, 0 checks and 0 warnings) and not proved, 22 checks out of 24 proved
