Summary of SPARK analysis
=========================

-------------------------------------------------------------------------------------------
SPARK Analysis results        Total      Flow   CodePeer     Provers   Justified   Unproved
-------------------------------------------------------------------------------------------
Data Dependencies                 .         .          .           .           .          .
Flow Dependencies                 .         .          .           .           .          .
Initialization                    1         .          .           .           .          1
Non-Aliasing                      .         .          .           .           .          .
Run-time Checks                   7         .          .    6 (CVC4)           .          1
Assertions                        4         .          .    3 (CVC4)           .          1
Functional Contracts              1         .          .    1 (CVC4)           .          .
LSP Verification                  .         .          .           .           .          .
Termination                       .         .          .           .           .          .
Concurrency                       .         .          .           .           .          .
-------------------------------------------------------------------------------------------
Total                            13         .          .    10 (77%)           .    3 (23%)


max steps used for successful proof: 1

Analyzed 1 unit
in unit smallest_factor, 1 subprograms and packages out of 1 analyzed
  smallest_factor at smallest_factor.adb:1 flow analyzed (0 errors, 1 checks and 0 warnings) and not proved, 10 checks out of 12 proved
