Summary of SPARK analysis
=========================

------------------------------------------------------------------------------------------------------------
SPARK Analysis results        Total      Flow   CodePeer                      Provers   Justified   Unproved
------------------------------------------------------------------------------------------------------------
Data Dependencies                 .         .          .                            .           .          .
Flow Dependencies                 .         .          .                            .           .          .
Initialization                    .         .          .                            .           .          .
Non-Aliasing                      .         .          .                            .           .          .
Run-time Checks                  10         .          .                    10 (CVC4)           .          .
Assertions                        4         .          .    3 (CVC4 43%, Trivial 57%)           .          1
Functional Contracts              1         .          .                            .           .          1
LSP Verification                  .         .          .                            .           .          .
Termination                       .         .          .                            .           .          .
Concurrency                       .         .          .                            .           .          .
------------------------------------------------------------------------------------------------------------
Total                            15         .          .                     13 (87%)           .    2 (13%)


max steps used for successful proof: 1

Analyzed 2 units
in unit main, 0 subprograms and packages out of 1 analyzed
  Main at main.adb:4 skipped
in unit max2, 2 subprograms and packages out of 2 analyzed
  Max2 at max2.ads:1 flow analyzed (0 errors, 0 checks and 0 warnings) and proved (0 checks)
  Max2.FindMax2 at max2.ads:4 flow analyzed (0 errors, 0 checks and 0 warnings) and not proved, 13 checks out of 15 proved
