Summary of SPARK analysis
=========================

--------------------------------------------------------------------------------------------
SPARK Analysis results        Total      Flow   CodePeer     Provers   Justified    Unproved
--------------------------------------------------------------------------------------------
Data Dependencies                 .         .          .           .           .           .
Flow Dependencies                 .         .          .           .           .           .
Initialization                    .         .          .           .           .           .
Non-Aliasing                      .         .          .           .           .           .
Run-time Checks                  24         .          .    9 (CVC4)           .          15
Assertions                       12         .          .    9 (CVC4)           .           3
Functional Contracts              .         .          .           .           .           .
LSP Verification                  .         .          .           .           .           .
Termination                       .         .          .           .           .           .
Concurrency                       .         .          .           .           .           .
--------------------------------------------------------------------------------------------
Total                            36         .          .    18 (50%)           .    18 (50%)


max steps used for successful proof: 1

Analyzed 3 units
in unit horner, 1 subprograms and packages out of 1 analyzed
  Horner at horner.adb:3 flow analyzed (0 errors, 0 checks and 0 warnings) and not proved, 12 checks out of 22 proved
in unit main, 0 subprograms and packages out of 1 analyzed
  main at main.adb:3 skipped
in unit poly, 2 subprograms and packages out of 2 analyzed
  Poly at poly.ads:1 flow analyzed (0 errors, 0 checks and 0 warnings) and proved (0 checks)
  Poly.Horner at poly.ads:5 flow analyzed (0 errors, 0 checks and 0 warnings) and not proved, 6 checks out of 14 proved
