Summary of SPARK analysis
=========================

---------------------------------------------------------------------------------------------
SPARK Analysis results        Total      Flow   CodePeer      Provers   Justified    Unproved
---------------------------------------------------------------------------------------------
Data Dependencies                 .         .          .            .           .           .
Flow Dependencies                 .         .          .            .           .           .
Initialization                    .         .          .            .           .           .
Non-Aliasing                      .         .          .            .           .           .
Run-time Checks                  14         .          .     4 (CVC4)           .          10
Assertions                       12         .          .    11 (CVC4)           .           1
Functional Contracts              .         .          .            .           .           .
LSP Verification                  .         .          .            .           .           .
Termination                       1         .          .     1 (CVC4)           .           .
Concurrency                       .         .          .            .           .           .
---------------------------------------------------------------------------------------------
Total                            27         .          .     16 (59%)           .    11 (41%)


max steps used for successful proof: 1

Analyzed 2 units
in unit horner, 1 subprograms and packages out of 1 analyzed
  Horner at horner.adb:3 flow analyzed (0 errors, 0 checks and 0 warnings) and not proved, 16 checks out of 27 proved
in unit poly, 1 subprograms and packages out of 2 analyzed
  Poly at poly.ads:1 flow analyzed (0 errors, 0 checks and 0 warnings) and proved (0 checks)
  Poly.Horner at poly.ads:5 skipped
