Summary of SPARK analysis
=========================

------------------------------------------------------------------------------------------------------------
SPARK Analysis results        Total      Flow   CodePeer                      Provers   Justified   Unproved
------------------------------------------------------------------------------------------------------------
Data Dependencies                 .         .          .                            .           .          .
Flow Dependencies                 .         .          .                            .           .          .
Initialization                    .         .          .                            .           .          .
Non-Aliasing                      .         .          .                            .           .          .
Run-time Checks                  10         .          .                    10 (CVC4)           .          .
Assertions                        8         .          .    8 (CVC4 50%, Trivial 50%)           .          .
Functional Contracts              2         .          .                     2 (CVC4)           .          .
LSP Verification                  .         .          .                            .           .          .
Termination                       .         .          .                            .           .          .
Concurrency                       .         .          .                            .           .          .
------------------------------------------------------------------------------------------------------------
Total                            20         .          .                    20 (100%)           .          .


max steps used for successful proof: 1

Analyzed 3 units
in unit isprime, 1 subprograms and packages out of 1 analyzed
  IsPrime at isprime.adb:1 flow analyzed (0 errors, 0 checks and 0 warnings) and proved (10 checks)
in unit main, 0 subprograms and packages out of 1 analyzed
  Main at main.adb:5 skipped
in unit primes, 2 subprograms and packages out of 2 analyzed
  Primes at primes.ads:1 flow analyzed (0 errors, 0 checks and 0 warnings) and proved (0 checks)
  Primes.IsPrime at primes.ads:3 flow analyzed (0 errors, 0 checks and 0 warnings) and proved (10 checks)
