Summary of SPARK analysis
=========================

-------------------------------------------------------------------------------------------------------------
SPARK Analysis results        Total      Flow   CodePeer                       Provers   Justified   Unproved
-------------------------------------------------------------------------------------------------------------
Data Dependencies                 .         .          .                             .           .          .
Flow Dependencies                 .         .          .                             .           .          .
Initialization                    .         .          .                             .           .          .
Non-Aliasing                      .         .          .                             .           .          .
Run-time Checks                  21         .          .                     21 (CVC4)           .          .
Assertions                       22         .          .    21 (CVC4 62%, Trivial 38%)           .          1
Functional Contracts              1         .          .                             .           .          1
LSP Verification                  .         .          .                             .           .          .
Termination                       .         .          .                             .           .          .
Concurrency                       .         .          .                             .           .          .
-------------------------------------------------------------------------------------------------------------
Total                            44         .          .                      42 (95%)           .     2 (5%)


max steps used for successful proof: 1

Analyzed 2 units
in unit main, 0 subprograms and packages out of 1 analyzed
  Main at main.adb:4 skipped
in unit max2, 2 subprograms and packages out of 2 analyzed
  Max2 at max2.ads:1 flow analyzed (0 errors, 0 checks and 0 warnings) and proved (0 checks)
  Max2.FindMax2 at max2.ads:4 flow analyzed (0 errors, 0 checks and 0 warnings) and not proved, 42 checks out of 44 proved
