Summary of SPARK analysis
=========================

-------------------------------------------------------------------------------------------
SPARK Analysis results        Total      Flow   CodePeer     Provers   Justified   Unproved
-------------------------------------------------------------------------------------------
Data Dependencies                 .         .          .           .           .          .
Flow Dependencies                 .         .          .           .           .          .
Initialization                    .         .          .           .           .          .
Non-Aliasing                      .         .          .           .           .          .
Run-time Checks                   6         .          .    5 (CVC4)           .          1
Assertions                        4         .          .    2 (CVC4)           .          2
Functional Contracts              1         .          .           .           .          1
LSP Verification                  .         .          .           .           .          .
Termination                       .         .          .           .           .          .
Concurrency                       .         .          .           .           .          .
-------------------------------------------------------------------------------------------
Total                            11         .          .     7 (64%)           .    4 (36%)


max steps used for successful proof: 1

Analyzed 2 units
in unit main, 0 subprograms and packages out of 1 analyzed
  Main at main.adb:4 skipped
in unit multi, 2 subprograms and packages out of 2 analyzed
  Multi at multi.ads:1 flow analyzed (0 errors, 0 checks and 0 warnings) and proved (0 checks)
  Multi.Mult at multi.ads:3 flow analyzed (0 errors, 0 checks and 0 warnings) and not proved, 7 checks out of 11 proved
