Summary of SPARK analysis
=========================

------------------------------------------------------------------------------------------------------------
SPARK Analysis results        Total      Flow   CodePeer                      Provers   Justified   Unproved
------------------------------------------------------------------------------------------------------------
Data Dependencies                 .         .          .                            .           .          .
Flow Dependencies                 .         .          .                            .           .          .
Initialization                    .         .          .                            .           .          .
Non-Aliasing                      .         .          .                            .           .          .
Run-time Checks                   4         .          .                     4 (CVC4)           .          .
Assertions                        2         .          .    1 (CVC4 50%, Trivial 50%)           .          1
Functional Contracts              1         .          .                            .           .          1
LSP Verification                  .         .          .                            .           .          .
Termination                       .         .          .                            .           .          .
Concurrency                       .         .          .                            .           .          .
------------------------------------------------------------------------------------------------------------
Total                             7         .          .                      5 (71%)           .    2 (29%)


max steps used for successful proof: 1

Analyzed 2 units
in unit isprime, 1 subprograms and packages out of 1 analyzed
  IsPrime at isprime.adb:1 flow analyzed (0 errors, 0 checks and 0 warnings) and not proved, 5 checks out of 7 proved
in unit main, 0 subprograms and packages out of 1 analyzed
  Main at main.adb:1 skipped
