Summary of SPARK analysis
=========================

-------------------------------------------------------------------------------------------------------------
SPARK Analysis results        Total      Flow   CodePeer                       Provers   Justified   Unproved
-------------------------------------------------------------------------------------------------------------
Data Dependencies                 .         .          .                             .           .          .
Flow Dependencies                 .         .          .                             .           .          .
Initialization                    .         .          .                             .           .          .
Non-Aliasing                      .         .          .                             .           .          .
Run-time Checks                  20         .          .                     20 (CVC4)           .          .
Assertions                       22         .          .    20 (CVC4 63%, Trivial 38%)           .          2
Functional Contracts              1         .          .     1 (CVC4 71%, Trivial 29%)           .          .
LSP Verification                  .         .          .                             .           .          .
Termination                       .         .          .                             .           .          .
Concurrency                       .         .          .                             .           .          .
-------------------------------------------------------------------------------------------------------------
Total                            43         .          .                      41 (95%)           .     2 (5%)


max steps used for successful proof: 1

Analyzed 2 units
in unit main, 0 subprograms and packages out of 1 analyzed
  Main at main.adb:4 skipped
in unit max2, 2 subprograms and packages out of 2 analyzed
  Max2 at max2.ads:1 flow analyzed (0 errors, 0 checks and 0 warnings) and proved (0 checks)
  Max2.FindMax2 at max2.ads:4 flow analyzed (0 errors, 0 checks and 0 warnings) and not proved, 41 checks out of 43 proved
